2026-06-20 22:36:42.897 Uvicorn server started on 0.0.0.0:8600

  You can now view your Streamlit app in your browser.

  Local URL: http://localhost:8600
  Network URL: http://192.168.86.220:8600
  External URL: http://68.194.100.234:8600

  For better performance, install the Watchdog module:

  $ xcode-select --install
  $ pip install watchdog
            
2026-06-21 01:54:49 - INFO - Fetching document https://www.ercot.com/misapp/servlets/IceDocListJsonWS?reportTypeId=13052&_1782021289
2026-06-21 01:54:49 - INFO - Requesting https://www.ercot.com/misapp/servlets/IceDocListJsonWS?reportTypeId=13052&_1782021289 with {}
  saved 416,489 rows -> /Users/michaelbarry/Documents/Github/ercot-suite/Ercot_Data_Hub/data/system_gen/node_data/node_generation_2025.parquet
  saved 424,553 rows -> /Users/michaelbarry/Documents/Github/ercot-suite/Ercot_Data_Hub/data/system_gen/node_data/node_generation_2025.parquet
  saved 433,469 rows -> /Users/michaelbarry/Documents/Github/ercot-suite/Ercot_Data_Hub/data/system_gen/node_data/node_generation_2025.parquet
  saved 442,109 rows -> /Users/michaelbarry/Documents/Github/ercot-suite/Ercot_Data_Hub/data/system_gen/node_data/node_generation_2025.parquet
  saved 451,037 rows -> /Users/michaelbarry/Documents/Github/ercot-suite/Ercot_Data_Hub/data/system_gen/node_data/node_generation_2025.parquet
  saved 459,677 rows -> /Users/michaelbarry/Documents/Github/ercot-suite/Ercot_Data_Hub/data/system_gen/node_data/node_generation_2025.parquet
  saved 468,605 rows -> /Users/michaelbarry/Documents/Github/ercot-suite/Ercot_Data_Hub/data/system_gen/node_data/node_generation_2025.parquet
  saved 477,533 rows -> /Users/michaelbarry/Documents/Github/ercot-suite/Ercot_Data_Hub/data/system_gen/node_data/node_generation_2025.parquet
  saved 486,173 rows -> /Users/michaelbarry/Documents/Github/ercot-suite/Ercot_Data_Hub/data/system_gen/node_data/node_generation_2025.parquet
  saved 495,095 rows -> /Users/michaelbarry/Documents/Github/ercot-suite/Ercot_Data_Hub/data/system_gen/node_data/node_generation_2025.parquet
  saved 503,735 rows -> /Users/michaelbarry/Documents/Github/ercot-suite/Ercot_Data_Hub/data/system_gen/node_data/node_generation_2025.parquet
  saved 512,663 rows -> /Users/michaelbarry/Documents/Github/ercot-suite/Ercot_Data_Hub/data/system_gen/node_data/node_generation_2025.parquet
  saved 157,492 rows -> /Users/michaelbarry/Documents/Github/ercot-suite/Ercot_Data_Hub/data/system_gen/node_data/node_generation_2026.parquet
  saved 165,556 rows -> /Users/michaelbarry/Documents/Github/ercot-suite/Ercot_Data_Hub/data/system_gen/node_data/node_generation_2026.parquet
  saved 174,472 rows -> /Users/michaelbarry/Documents/Github/ercot-suite/Ercot_Data_Hub/data/system_gen/node_data/node_generation_2026.parquet
  saved 180,520 rows -> /Users/michaelbarry/Documents/Github/ercot-suite/Ercot_Data_Hub/data/system_gen/node_data/node_generation_2026.parquet
  saved 145,675 rows -> /Users/michaelbarry/Documents/Github/ercot-suite/Ercot_Data_Hub/data/system_gen/node_data/node_price_2025.parquet
  saved 148,362 rows -> /Users/michaelbarry/Documents/Github/ercot-suite/Ercot_Data_Hub/data/system_gen/node_data/node_price_2025.parquet
  saved 151,333 rows -> /Users/michaelbarry/Documents/Github/ercot-suite/Ercot_Data_Hub/data/system_gen/node_data/node_price_2025.parquet
  saved 154,212 rows -> /Users/michaelbarry/Documents/Github/ercot-suite/Ercot_Data_Hub/data/system_gen/node_data/node_price_2025.parquet
  saved 157,187 rows -> /Users/michaelbarry/Documents/Github/ercot-suite/Ercot_Data_Hub/data/system_gen/node_data/node_price_2025.parquet
  saved 160,066 rows -> /Users/michaelbarry/Documents/Github/ercot-suite/Ercot_Data_Hub/data/system_gen/node_data/node_price_2025.parquet
  saved 163,041 rows -> /Users/michaelbarry/Documents/Github/ercot-suite/Ercot_Data_Hub/data/system_gen/node_data/node_price_2025.parquet
  saved 166,016 rows -> /Users/michaelbarry/Documents/Github/ercot-suite/Ercot_Data_Hub/data/system_gen/node_data/node_price_2025.parquet
  saved 168,895 rows -> /Users/michaelbarry/Documents/Github/ercot-suite/Ercot_Data_Hub/data/system_gen/node_data/node_price_2025.parquet
  saved 171,870 rows -> /Users/michaelbarry/Documents/Github/ercot-suite/Ercot_Data_Hub/data/system_gen/node_data/node_price_2025.parquet
  saved 174,749 rows -> /Users/michaelbarry/Documents/Github/ercot-suite/Ercot_Data_Hub/data/system_gen/node_data/node_price_2025.parquet
  saved 177,723 rows -> /Users/michaelbarry/Documents/Github/ercot-suite/Ercot_Data_Hub/data/system_gen/node_data/node_price_2025.parquet
  saved 54,319 rows -> /Users/michaelbarry/Documents/Github/ercot-suite/Ercot_Data_Hub/data/system_gen/node_data/node_price_2026.parquet
  saved 57,006 rows -> /Users/michaelbarry/Documents/Github/ercot-suite/Ercot_Data_Hub/data/system_gen/node_data/node_price_2026.parquet
  saved 59,972 rows -> /Users/michaelbarry/Documents/Github/ercot-suite/Ercot_Data_Hub/data/system_gen/node_data/node_price_2026.parquet
  saved 61,988 rows -> /Users/michaelbarry/Documents/Github/ercot-suite/Ercot_Data_Hub/data/system_gen/node_data/node_price_2026.parquet
  downloading SCED disclosure for 2026-04-22 ...
  ! download failed for 2026-04-22: No documents found with the given parameters: {'report_type_id': 13052, 'date': Timestamp('2026-06-21 00:00:00-0500', tz='US/Central'), 'published_after': None, 'published_before': None, 'friendly_name_timestamp_after': None, 'friendly_name_timestamp_before': None, 'constructed_name_contains': '60_Day_SCED_Disclosure', 'extension': None, 'verbose': False, 'base_url': 'www.ercot.com', 'request_kwargs': None, 'matches': [], 'doc': {'Document': {'ExpiredDate': '2028-03-25T23:59:59-05:00', 'ILMStatus': 'EXT', 'SecurityStatus': 'P', 'ContentSize': '9395857', 'Extension': 'zip', 'ReportTypeID': '13052', 'Prefix': 'ext', 'FriendlyName': '60_Day_SCED_Disclosure', 'ConstructedName': 'ext.00013052.0000000000000000.20240324.044248823.60_Day_SCED_Disclosure.zip', 'DocID': '990571660', 'PublishDate': '2024-03-24T04:42:46-05:00', 'ReportName': '60-Day SCED Disclosure Reports', 'DUNS': '0000000000000000', 'DocCount': '0'}}, 'match': False, 'doc_url': 'https://www.ercot.com/misdownload/servlets/mirDownload?doclookupId=990571660', 'friendly_name_timestamp': None, 'friendly_name': '60_Day_SCED_Disclosure', 'publish_date': Timestamp('2024-03-24 04:42:46-0500', tz='US/Central'), 'doc_obj': Document(url='https://www.ercot.com/misdownload/servlets/mirDownload?doclookupId=990571660', publish_date=Timestamp('2024-03-24 04:42:46-0500', tz='US/Central'), constructed_name='ext.00013052.0000000000000000.20240324.044248823.60_Day_SCED_Disclosure.zip', friendly_name='60_Day_SCED_Disclosure', friendly_name_timestamp=None)}
  saved 180,520 rows -> /Users/michaelbarry/Documents/Github/ercot-suite/Ercot_Data_Hub/data/system_gen/node_data/node_generation_2026.parquet
  saved 62,084 rows -> /Users/michaelbarry/Documents/Github/ercot-suite/Ercot_Data_Hub/data/system_gen/node_data/node_price_2026.parquet
  Stopping...
